<?xml version="1.0" encoding="UTF-8"?>
<testsuite failures="5" skip="0" tests="5" name="Acceptance" errors="0">
<testcase classname="Acceptance.Airfrance KLM" name="Access to Flight News(AF)" time="0">
<failure message="No keyword with name 'Launch Application on Local Device' found." type="AssertionError"></failure>
</testcase>
<testcase classname="Acceptance.Airfrance KLM" name="TC050 - Verify that the user is able to see the default values in the search module" time="0">
<failure message="No keyword with name 'Launch Application on Local Device' found." type="AssertionError"></failure>
</testcase>
<testcase classname="Acceptance.Airfrance KLM" name="TC0XX - Verify whether the user is able to book a one way flight without login." time="0">
<failure message="No keyword with name 'Launch Application on Local Device' found." type="AssertionError"></failure>
</testcase>
<testcase classname="Acceptance.Airfrance KLM" name="TC051 - Verify the message shown, when there are no entries for the given Origin and destination" time="0">
<failure message="No keyword with name 'Launch Application on Local Device' found." type="AssertionError"></failure>
</testcase>
<testcase classname="Acceptance.Airfrance KLM" name="TC058 - Verify the user able to see the lowest price according to the destination selected, when not logged in" time="0">
<failure message="No keyword with name 'Launch Application on Local Device' found." type="AssertionError"></failure>
</testcase>
</testsuite>
